2022-01-08 12:49:18.6766|0|DEBUG|ForumAPI.Program|Application start 
2022-01-08 12:49:18.6766|0|DEBUG|ForumAPI.Program|Application start |url: |action: |ForumAPI.Program.Main| body: 
2022-01-08 12:49:21.1701|0|INFO|Microsoft.Hosting.Lifetime|Application started. Press Ctrl+C to shut down. 
2022-01-08 12:49:21.1701|0|INFO|Microsoft.Hosting.Lifetime|Application started. Press Ctrl+C to shut down. |url: |action: |Microsoft.Extensions.Hosting.Internal.ConsoleLifetime.OnApplicationStarted| body: 
2022-01-08 12:49:21.1941|0|INFO|Microsoft.Hosting.Lifetime|Hosting environment: Development 
2022-01-08 12:49:21.1941|0|INFO|Microsoft.Hosting.Lifetime|Hosting environment: Development |url: |action: |Microsoft.Extensions.Hosting.Internal.ConsoleLifetime.OnApplicationStarted| body: 
2022-01-08 12:49:21.2053|0|INFO|Microsoft.Hosting.Lifetime|Content root path: C:\Users\molot\Source\Repos\ForumWebAPI\ForumAPI 
2022-01-08 12:49:21.2053|0|INFO|Microsoft.Hosting.Lifetime|Content root path: C:\Users\molot\Source\Repos\ForumWebAPI\ForumAPI |url: |action: |Microsoft.Extensions.Hosting.Internal.ConsoleLifetime.OnApplicationStarted| body: 
2022-01-08 16:36:28.8731|0|DEBUG|ForumAPI.Program|Application start 
2022-01-08 16:36:28.8731|0|DEBUG|ForumAPI.Program|Application start |url: |action: |ForumAPI.Program.Main| body: 
2022-01-08 16:36:30.8034|0|INFO|Microsoft.Hosting.Lifetime|Application started. Press Ctrl+C to shut down. 
2022-01-08 16:36:30.8034|0|INFO|Microsoft.Hosting.Lifetime|Application started. Press Ctrl+C to shut down. |url: |action: |Microsoft.Extensions.Hosting.Internal.ConsoleLifetime.OnApplicationStarted| body: 
2022-01-08 16:36:30.8501|0|INFO|Microsoft.Hosting.Lifetime|Hosting environment: Development 
2022-01-08 16:36:30.8501|0|INFO|Microsoft.Hosting.Lifetime|Hosting environment: Development |url: |action: |Microsoft.Extensions.Hosting.Internal.ConsoleLifetime.OnApplicationStarted| body: 
2022-01-08 16:36:30.8501|0|INFO|Microsoft.Hosting.Lifetime|Content root path: C:\Users\molot\Source\Repos\ForumWebAPI\ForumAPI 
2022-01-08 16:36:30.8501|0|INFO|Microsoft.Hosting.Lifetime|Content root path: C:\Users\molot\Source\Repos\ForumWebAPI\ForumAPI |url: |action: |Microsoft.Extensions.Hosting.Internal.ConsoleLifetime.OnApplicationStarted| body: 
2022-01-08 16:53:26.9703|0|DEBUG|ForumAPI.Program|Application start 
2022-01-08 16:53:26.9703|0|DEBUG|ForumAPI.Program|Application start |url: |action: |ForumAPI.Program.Main| body: 
2022-01-08 16:53:29.9334|0|INFO|Microsoft.Hosting.Lifetime|Application started. Press Ctrl+C to shut down. 
2022-01-08 16:53:29.9334|0|INFO|Microsoft.Hosting.Lifetime|Application started. Press Ctrl+C to shut down. |url: |action: |Microsoft.Extensions.Hosting.Internal.ConsoleLifetime.OnApplicationStarted| body: 
2022-01-08 16:53:29.9922|0|INFO|Microsoft.Hosting.Lifetime|Hosting environment: Development 
2022-01-08 16:53:29.9922|0|INFO|Microsoft.Hosting.Lifetime|Hosting environment: Development |url: |action: |Microsoft.Extensions.Hosting.Internal.ConsoleLifetime.OnApplicationStarted| body: 
2022-01-08 16:53:30.0027|0|INFO|Microsoft.Hosting.Lifetime|Content root path: C:\Users\molot\Source\Repos\ForumWebAPI\ForumAPI 
2022-01-08 16:53:30.0027|0|INFO|Microsoft.Hosting.Lifetime|Content root path: C:\Users\molot\Source\Repos\ForumWebAPI\ForumAPI |url: |action: |Microsoft.Extensions.Hosting.Internal.ConsoleLifetime.OnApplicationStarted| body: 
2022-01-08 19:45:15.3973|0|DEBUG|ForumAPI.Program|Application start 
2022-01-08 19:45:15.3973|0|DEBUG|ForumAPI.Program|Application start |url: |action: |ForumAPI.Program.Main| body: 
2022-01-08 19:45:19.2834|0|INFO|Microsoft.Hosting.Lifetime|Application started. Press Ctrl+C to shut down. 
2022-01-08 19:45:19.2834|0|INFO|Microsoft.Hosting.Lifetime|Application started. Press Ctrl+C to shut down. |url: |action: |Microsoft.Extensions.Hosting.Internal.ConsoleLifetime.OnApplicationStarted| body: 
2022-01-08 19:45:19.3125|0|INFO|Microsoft.Hosting.Lifetime|Hosting environment: Development 
2022-01-08 19:45:19.3125|0|INFO|Microsoft.Hosting.Lifetime|Hosting environment: Development |url: |action: |Microsoft.Extensions.Hosting.Internal.ConsoleLifetime.OnApplicationStarted| body: 
2022-01-08 19:45:19.3125|0|INFO|Microsoft.Hosting.Lifetime|Content root path: C:\Users\molot\Source\Repos\ForumWebAPI\ForumAPI 
2022-01-08 19:45:19.3125|0|INFO|Microsoft.Hosting.Lifetime|Content root path: C:\Users\molot\Source\Repos\ForumWebAPI\ForumAPI |url: |action: |Microsoft.Extensions.Hosting.Internal.ConsoleLifetime.OnApplicationStarted| body: 
2022-01-08 20:39:57.1314|0|DEBUG|ForumAPI.Program|Application start 
2022-01-08 20:39:57.1314|0|DEBUG|ForumAPI.Program|Application start |url: |action: |ForumAPI.Program.Main| body: 
2022-01-08 20:39:59.1200|0|INFO|Microsoft.Hosting.Lifetime|Application started. Press Ctrl+C to shut down. 
2022-01-08 20:39:59.1200|0|INFO|Microsoft.Hosting.Lifetime|Application started. Press Ctrl+C to shut down. |url: |action: |Microsoft.Extensions.Hosting.Internal.ConsoleLifetime.OnApplicationStarted| body: 
2022-01-08 20:39:59.1309|0|INFO|Microsoft.Hosting.Lifetime|Hosting environment: Development 
2022-01-08 20:39:59.1309|0|INFO|Microsoft.Hosting.Lifetime|Hosting environment: Development |url: |action: |Microsoft.Extensions.Hosting.Internal.ConsoleLifetime.OnApplicationStarted| body: 
2022-01-08 20:39:59.1391|0|INFO|Microsoft.Hosting.Lifetime|Content root path: C:\Users\molot\Source\Repos\ForumWebAPI\ForumAPI 
2022-01-08 20:39:59.1391|0|INFO|Microsoft.Hosting.Lifetime|Content root path: C:\Users\molot\Source\Repos\ForumWebAPI\ForumAPI |url: |action: |Microsoft.Extensions.Hosting.Internal.ConsoleLifetime.OnApplicationStarted| body: 
