2022-04-22 23:50:48.7135|0|DEBUG|ForumAPI.Program|Application start 
2022-04-22 23:50:48.7135|0|DEBUG|ForumAPI.Program|Application start |url: |action: |ForumAPI.Program.Main| body: 
2022-04-22 23:50:53.3123|0|INFO|Microsoft.Hosting.Lifetime|Application started. Press Ctrl+C to shut down. 
2022-04-22 23:50:53.3123|0|INFO|Microsoft.Hosting.Lifetime|Application started. Press Ctrl+C to shut down. |url: |action: |Microsoft.Extensions.Hosting.Internal.ConsoleLifetime.OnApplicationStarted| body: 
2022-04-22 23:50:53.3244|0|INFO|Microsoft.Hosting.Lifetime|Hosting environment: Development 
2022-04-22 23:50:53.3244|0|INFO|Microsoft.Hosting.Lifetime|Hosting environment: Development |url: |action: |Microsoft.Extensions.Hosting.Internal.ConsoleLifetime.OnApplicationStarted| body: 
2022-04-22 23:50:53.3778|0|INFO|Microsoft.Hosting.Lifetime|Content root path: C:\Users\molot\Source\Repos\ForumWebAPI\ForumAPI 
2022-04-22 23:50:53.3778|0|INFO|Microsoft.Hosting.Lifetime|Content root path: C:\Users\molot\Source\Repos\ForumWebAPI\ForumAPI |url: |action: |Microsoft.Extensions.Hosting.Internal.ConsoleLifetime.OnApplicationStarted| body: 
2022-04-22 23:53:18.3387|0|DEBUG|ForumAPI.Program|Application start 
2022-04-22 23:53:18.3387|0|DEBUG|ForumAPI.Program|Application start |url: |action: |ForumAPI.Program.Main| body: 
2022-04-22 23:53:19.9035|0|INFO|Microsoft.Hosting.Lifetime|Application started. Press Ctrl+C to shut down. 
2022-04-22 23:53:19.9035|0|INFO|Microsoft.Hosting.Lifetime|Application started. Press Ctrl+C to shut down. |url: |action: |Microsoft.Extensions.Hosting.Internal.ConsoleLifetime.OnApplicationStarted| body: 
2022-04-22 23:53:19.9142|0|INFO|Microsoft.Hosting.Lifetime|Hosting environment: Development 
2022-04-22 23:53:19.9142|0|INFO|Microsoft.Hosting.Lifetime|Hosting environment: Development |url: |action: |Microsoft.Extensions.Hosting.Internal.ConsoleLifetime.OnApplicationStarted| body: 
2022-04-22 23:53:19.9142|0|INFO|Microsoft.Hosting.Lifetime|Content root path: C:\Users\molot\Source\Repos\ForumWebAPI\ForumAPI 
2022-04-22 23:53:19.9142|0|INFO|Microsoft.Hosting.Lifetime|Content root path: C:\Users\molot\Source\Repos\ForumWebAPI\ForumAPI |url: |action: |Microsoft.Extensions.Hosting.Internal.ConsoleLifetime.OnApplicationStarted| body: 
2022-04-22 23:54:16.7874|0|WARN|Microsoft.AspNetCore.Identity.UserManager|Invalid password for user. 
2022-04-22 23:54:16.7874|0|WARN|Microsoft.AspNetCore.Identity.UserManager|Invalid password for user. |url: https://localhost/api/login|action: Login|Microsoft.AspNetCore.Identity.UserManager`1.CheckPasswordAsync| body: 
2022-04-22 23:54:16.7874|2|WARN|Microsoft.AspNetCore.Identity.SignInManager|User failed to provide the correct password. 
2022-04-22 23:54:16.7874|2|WARN|Microsoft.AspNetCore.Identity.SignInManager|User failed to provide the correct password. |url: https://localhost/api/login|action: Login|Microsoft.AspNetCore.Identity.SignInManager`1.CheckPasswordSignInAsync| body: 
2022-04-22 23:54:16.8019|0|INFO|ForumAPI.Controllers.LoginController|Incorrect login attempt aimbodya 
2022-04-22 23:54:16.8019|0|INFO|ForumAPI.Controllers.LoginController|Incorrect login attempt aimbodya |url: https://localhost/api/login|action: Login|ForumAPI.Controllers.LoginController+<Login>d__6.MoveNext| body: 
2022-04-22 23:54:22.8811|0|WARN|Microsoft.AspNetCore.Identity.UserManager|Invalid password for user. 
2022-04-22 23:54:22.8811|0|WARN|Microsoft.AspNetCore.Identity.UserManager|Invalid password for user. |url: https://localhost/api/login|action: Login|Microsoft.AspNetCore.Identity.UserManager`1.CheckPasswordAsync| body: 
2022-04-22 23:54:22.8811|2|WARN|Microsoft.AspNetCore.Identity.SignInManager|User failed to provide the correct password. 
2022-04-22 23:54:22.8811|2|WARN|Microsoft.AspNetCore.Identity.SignInManager|User failed to provide the correct password. |url: https://localhost/api/login|action: Login|Microsoft.AspNetCore.Identity.SignInManager`1.CheckPasswordSignInAsync| body: 
2022-04-22 23:54:22.8811|0|INFO|ForumAPI.Controllers.LoginController|Incorrect login attempt aimbodya 
2022-04-22 23:54:22.8811|0|INFO|ForumAPI.Controllers.LoginController|Incorrect login attempt aimbodya |url: https://localhost/api/login|action: Login|ForumAPI.Controllers.LoginController+<Login>d__6.MoveNext| body: 
2022-04-22 23:55:09.0243|0|INFO|ForumAPI.Controllers.LoginController|User login aimbodya 
2022-04-22 23:55:09.0243|0|INFO|ForumAPI.Controllers.LoginController|User login aimbodya |url: https://localhost/api/Login|action: Login|ForumAPI.Controllers.LoginController+<Login>d__6.MoveNext| body: 
2022-04-22 23:55:15.8852|0|WARN|Microsoft.AspNetCore.Identity.UserManager|Invalid password for user. 
2022-04-22 23:55:15.8852|0|WARN|Microsoft.AspNetCore.Identity.UserManager|Invalid password for user. |url: https://localhost/api/login|action: Login|Microsoft.AspNetCore.Identity.UserManager`1.CheckPasswordAsync| body: 
2022-04-22 23:55:15.8852|2|WARN|Microsoft.AspNetCore.Identity.SignInManager|User failed to provide the correct password. 
2022-04-22 23:55:15.8852|2|WARN|Microsoft.AspNetCore.Identity.SignInManager|User failed to provide the correct password. |url: https://localhost/api/login|action: Login|Microsoft.AspNetCore.Identity.SignInManager`1.CheckPasswordSignInAsync| body: 
2022-04-22 23:55:15.8852|0|INFO|ForumAPI.Controllers.LoginController|Incorrect login attempt aimbodya 
2022-04-22 23:55:15.8852|0|INFO|ForumAPI.Controllers.LoginController|Incorrect login attempt aimbodya |url: https://localhost/api/login|action: Login|ForumAPI.Controllers.LoginController+<Login>d__6.MoveNext| body: 
2022-04-22 23:56:05.3600|0|INFO|ForumAPI.Controllers.LoginController|User login aimbodya 
2022-04-22 23:56:05.3600|0|INFO|ForumAPI.Controllers.LoginController|User login aimbodya |url: https://localhost/api/login|action: Login|ForumAPI.Controllers.LoginController+<Login>d__6.MoveNext| body: 
2022-04-22 23:59:15.3027|0|DEBUG|ForumAPI.Program|Application start 
2022-04-22 23:59:15.3027|0|DEBUG|ForumAPI.Program|Application start |url: |action: |ForumAPI.Program.Main| body: 
2022-04-22 23:59:16.7512|0|INFO|Microsoft.Hosting.Lifetime|Application started. Press Ctrl+C to shut down. 
2022-04-22 23:59:16.7512|0|INFO|Microsoft.Hosting.Lifetime|Application started. Press Ctrl+C to shut down. |url: |action: |Microsoft.Extensions.Hosting.Internal.ConsoleLifetime.OnApplicationStarted| body: 
2022-04-22 23:59:16.7657|0|INFO|Microsoft.Hosting.Lifetime|Hosting environment: Development 
2022-04-22 23:59:16.7657|0|INFO|Microsoft.Hosting.Lifetime|Hosting environment: Development |url: |action: |Microsoft.Extensions.Hosting.Internal.ConsoleLifetime.OnApplicationStarted| body: 
2022-04-22 23:59:16.7754|0|INFO|Microsoft.Hosting.Lifetime|Content root path: C:\Users\molot\Source\Repos\ForumWebAPI\ForumAPI 
2022-04-22 23:59:16.7754|0|INFO|Microsoft.Hosting.Lifetime|Content root path: C:\Users\molot\Source\Repos\ForumWebAPI\ForumAPI |url: |action: |Microsoft.Extensions.Hosting.Internal.ConsoleLifetime.OnApplicationStarted| body: 
